TN:
SF:01-requestcount.js
FN:13,requestCountMiddleware
FNF:1
FNH:1
FNDA:12,requestCountMiddleware
DA:1,1
DA:2,1
DA:3,1
DA:4,1
DA:5,1
DA:6,1
DA:7,1
DA:8,1
DA:9,1
DA:10,1
DA:11,1
DA:12,1
DA:13,12
DA:14,12
DA:15,12
DA:16,12
DA:17,1
DA:18,1
DA:19,1
DA:20,1
DA:21,10
DA:22,1
DA:23,1
DA:24,1
DA:25,0
DA:26,1
DA:27,1
DA:28,1
DA:29,2
DA:30,1
DA:31,1
DA:32,1
LF:32
LH:31
BRDA:13,0,0,12
BRDA:20,1,0,10
BRDA:28,2,0,2
BRF:3
BRH:3
end_of_record
TN:
SF:02-ratelimitter.js
FN:20,rateLimitter
FNF:1
FNH:1
FNDA:13,rateLimitter
DA:1,1
DA:2,1
DA:3,1
DA:4,1
DA:5,1
DA:6,1
DA:7,1
DA:8,1
DA:9,1
DA:10,1
DA:11,1
DA:12,1
DA:13,1
DA:14,1
DA:15,1
DA:16,1
DA:17,2
DA:18,1
DA:19,1
DA:20,13
DA:21,13
DA:22,13
DA:23,0
DA:24,0
DA:25,13
DA:26,2
DA:27,2
DA:28,13
DA:29,13
DA:30,7
DA:31,13
DA:32,6
DA:33,6
DA:34,13
DA:35,1
DA:36,1
DA:37,1
DA:38,1
DA:39,6
DA:40,1
DA:41,1
DA:42,1
DA:43,0
DA:44,1
DA:45,1
DA:46,1
LF:46
LH:43
BRDA:16,0,0,2
BRDA:20,1,0,13
BRDA:22,2,0,0
BRDA:25,3,0,2
BRDA:29,4,0,7
BRDA:31,5,0,6
BRDA:38,6,0,6
BRF:7
BRH:6
end_of_record
TN:
SF:03-errorcount.js
FNF:0
FNH:0
DA:1,1
DA:2,1
DA:3,1
DA:4,1
DA:5,1
DA:6,1
DA:7,1
DA:8,1
DA:9,1
DA:10,1
DA:11,1
DA:12,1
DA:13,1
DA:14,11
DA:15,11
DA:16,0
DA:17,11
DA:18,11
DA:19,11
DA:20,11
DA:21,1
DA:22,1
DA:23,1
DA:24,0
DA:25,0
DA:26,0
DA:27,0
DA:28,0
DA:29,0
DA:30,1
DA:31,1
DA:32,1
DA:33,2
DA:34,2
DA:35,2
DA:36,0
DA:37,0
DA:38,0
DA:39,1
DA:40,1
DA:41,1
LF:41
LH:31
BRDA:13,0,0,11
BRDA:15,1,0,0
BRDA:32,2,0,2
BRDA:35,3,0,0
BRF:4
BRH:2
end_of_record
